{"level":"info","message":"Servidor arriba","timestamp":"2022-07-19T07:25:36.740Z"}
2022-07-19T07:31:40.339Z [undefined] info: Servidor arriba
2022-07-20T03:36:50.114Z [undefined] info: Servidor arriba
2022-07-20T04:56:52.729Z [undefined] info: Servidor arriba
2022-07-20T05:13:54.095Z [undefined] info: Servidor arriba
2022-07-20T05:14:17.694Z [undefined] info: Servidor arriba
2022-07-20T05:15:42.210Z [undefined] info: Servidor arriba
2022-07-20T05:16:19.179Z [undefined] info: Servidor arriba
2022-07-20T05:17:28.411Z [undefined] info: Servidor arriba
2022-07-20T05:21:40.062Z [undefined] info: Servidor arriba
2022-07-20T05:22:39.636Z [undefined] info: Servidor arriba
2022-07-20T05:26:30.282Z [undefined] info: Servidor arriba
2022-07-20T05:26:37.334Z [undefined] error: uncaughtException: invalid token
JsonWebTokenError: invalid token
    at Object.module.exports [as verify] (/Users/sergiotorrejon/Documents/storrejon/dev-storrejon/nodejs/api-nodejs/node_modules/jsonwebtoken/verify.js:75:17)
    at /Users/sergiotorrejon/Documents/storrejon/dev-storrejon/nodejs/api-nodejs/src/core/auth/jwt.ts:18:23
    at Generator.next (<anonymous>)
    at /Users/sergiotorrejon/Documents/storrejon/dev-storrejon/nodejs/api-nodejs/src/core/auth/jwt.ts:8:71
    at new Promise (<anonymous>)
    at __awaiter (/Users/sergiotorrejon/Documents/storrejon/dev-storrejon/nodejs/api-nodejs/src/core/auth/jwt.ts:4:12)
    at verifyToken (/Users/sergiotorrejon/Documents/storrejon/dev-storrejon/nodejs/api-nodejs/src/core/auth/jwt.ts:19:12)
    at Layer.handle [as handle_request] (/Users/sergiotorrejon/Documents/storrejon/dev-storrejon/nodejs/api-nodejs/node_modules/express/lib/router/layer.js:95:5)
    at next (/Users/sergiotorrejon/Documents/storrejon/dev-storrejon/nodejs/api-nodejs/node_modules/express/lib/router/route.js:144:13)
    at Route.dispatch (/Users/sergiotorrejon/Documents/storrejon/dev-storrejon/nodejs/api-nodejs/node_modules/express/lib/router/route.js:114:3)
2022-07-20T05:38:50.158Z [undefined] info: Servidor arriba
2022-07-20T05:38:54.705Z [undefined] error: uncaughtException: invalid token
JsonWebTokenError: invalid token
    at Object.module.exports [as verify] (/Users/sergiotorrejon/Documents/storrejon/dev-storrejon/nodejs/api-nodejs/node_modules/jsonwebtoken/verify.js:75:17)
    at /Users/sergiotorrejon/Documents/storrejon/dev-storrejon/nodejs/api-nodejs/src/core/auth/jwt.ts:18:23
    at Generator.next (<anonymous>)
    at /Users/sergiotorrejon/Documents/storrejon/dev-storrejon/nodejs/api-nodejs/src/core/auth/jwt.ts:8:71
    at new Promise (<anonymous>)
    at __awaiter (/Users/sergiotorrejon/Documents/storrejon/dev-storrejon/nodejs/api-nodejs/src/core/auth/jwt.ts:4:12)
    at verifyToken (/Users/sergiotorrejon/Documents/storrejon/dev-storrejon/nodejs/api-nodejs/src/core/auth/jwt.ts:19:12)
    at Layer.handle [as handle_request] (/Users/sergiotorrejon/Documents/storrejon/dev-storrejon/nodejs/api-nodejs/node_modules/express/lib/router/layer.js:95:5)
    at next (/Users/sergiotorrejon/Documents/storrejon/dev-storrejon/nodejs/api-nodejs/node_modules/express/lib/router/route.js:144:13)
    at Route.dispatch (/Users/sergiotorrejon/Documents/storrejon/dev-storrejon/nodejs/api-nodejs/node_modules/express/lib/router/route.js:114:3)
2022-07-20T05:40:23.776Z [undefined] info: Servidor arriba
2022-07-20T05:40:29.019Z [undefined] error: uncaughtException: invalid token
JsonWebTokenError: invalid token
    at Object.module.exports [as verify] (/Users/sergiotorrejon/Documents/storrejon/dev-storrejon/nodejs/api-nodejs/node_modules/jsonwebtoken/verify.js:75:17)
    at /Users/sergiotorrejon/Documents/storrejon/dev-storrejon/nodejs/api-nodejs/src/core/auth/jwt.ts:18:23
    at Generator.next (<anonymous>)
    at /Users/sergiotorrejon/Documents/storrejon/dev-storrejon/nodejs/api-nodejs/src/core/auth/jwt.ts:8:71
    at new Promise (<anonymous>)
    at __awaiter (/Users/sergiotorrejon/Documents/storrejon/dev-storrejon/nodejs/api-nodejs/src/core/auth/jwt.ts:4:12)
    at verifyToken (/Users/sergiotorrejon/Documents/storrejon/dev-storrejon/nodejs/api-nodejs/src/core/auth/jwt.ts:19:12)
    at Layer.handle [as handle_request] (/Users/sergiotorrejon/Documents/storrejon/dev-storrejon/nodejs/api-nodejs/node_modules/express/lib/router/layer.js:95:5)
    at next (/Users/sergiotorrejon/Documents/storrejon/dev-storrejon/nodejs/api-nodejs/node_modules/express/lib/router/route.js:144:13)
    at Route.dispatch (/Users/sergiotorrejon/Documents/storrejon/dev-storrejon/nodejs/api-nodejs/node_modules/express/lib/router/route.js:114:3)
2022-07-20T05:41:37.049Z [undefined] info: Servidor arriba
2022-07-20T05:41:38.906Z [undefined] error: uncaughtException: invalid token
JsonWebTokenError: invalid token
    at Object.module.exports [as verify] (/Users/sergiotorrejon/Documents/storrejon/dev-storrejon/nodejs/api-nodejs/node_modules/jsonwebtoken/verify.js:75:17)
    at /Users/sergiotorrejon/Documents/storrejon/dev-storrejon/nodejs/api-nodejs/src/core/auth/jwt.ts:18:23
    at Generator.next (<anonymous>)
    at /Users/sergiotorrejon/Documents/storrejon/dev-storrejon/nodejs/api-nodejs/src/core/auth/jwt.ts:8:71
    at new Promise (<anonymous>)
    at __awaiter (/Users/sergiotorrejon/Documents/storrejon/dev-storrejon/nodejs/api-nodejs/src/core/auth/jwt.ts:4:12)
    at verifyToken (/Users/sergiotorrejon/Documents/storrejon/dev-storrejon/nodejs/api-nodejs/src/core/auth/jwt.ts:19:12)
    at Layer.handle [as handle_request] (/Users/sergiotorrejon/Documents/storrejon/dev-storrejon/nodejs/api-nodejs/node_modules/express/lib/router/layer.js:95:5)
    at next (/Users/sergiotorrejon/Documents/storrejon/dev-storrejon/nodejs/api-nodejs/node_modules/express/lib/router/route.js:144:13)
    at Route.dispatch (/Users/sergiotorrejon/Documents/storrejon/dev-storrejon/nodejs/api-nodejs/node_modules/express/lib/router/route.js:114:3)
2022-07-20T05:42:43.111Z [undefined] info: Servidor arriba
2022-07-20T05:42:54.078Z [undefined] error: uncaughtException: invalid token
JsonWebTokenError: invalid token
    at Object.module.exports [as verify] (/Users/sergiotorrejon/Documents/storrejon/dev-storrejon/nodejs/api-nodejs/node_modules/jsonwebtoken/verify.js:75:17)
    at /Users/sergiotorrejon/Documents/storrejon/dev-storrejon/nodejs/api-nodejs/src/core/auth/jwt.ts:18:23
    at Generator.next (<anonymous>)
    at /Users/sergiotorrejon/Documents/storrejon/dev-storrejon/nodejs/api-nodejs/src/core/auth/jwt.ts:8:71
    at new Promise (<anonymous>)
    at __awaiter (/Users/sergiotorrejon/Documents/storrejon/dev-storrejon/nodejs/api-nodejs/src/core/auth/jwt.ts:4:12)
    at verifyToken (/Users/sergiotorrejon/Documents/storrejon/dev-storrejon/nodejs/api-nodejs/src/core/auth/jwt.ts:19:12)
    at Layer.handle [as handle_request] (/Users/sergiotorrejon/Documents/storrejon/dev-storrejon/nodejs/api-nodejs/node_modules/express/lib/router/layer.js:95:5)
    at next (/Users/sergiotorrejon/Documents/storrejon/dev-storrejon/nodejs/api-nodejs/node_modules/express/lib/router/route.js:144:13)
    at Route.dispatch (/Users/sergiotorrejon/Documents/storrejon/dev-storrejon/nodejs/api-nodejs/node_modules/express/lib/router/route.js:114:3)
2022-07-20T05:47:40.703Z [undefined] info: Servidor arriba
2022-07-20T05:47:41.754Z [undefined] error: uncaughtException: invalid token
JsonWebTokenError: invalid token
    at Object.module.exports [as verify] (/Users/sergiotorrejon/Documents/storrejon/dev-storrejon/nodejs/api-nodejs/node_modules/jsonwebtoken/verify.js:75:17)
    at /Users/sergiotorrejon/Documents/storrejon/dev-storrejon/nodejs/api-nodejs/src/core/auth/jwt.ts:18:23
    at Generator.next (<anonymous>)
    at /Users/sergiotorrejon/Documents/storrejon/dev-storrejon/nodejs/api-nodejs/src/core/auth/jwt.ts:8:71
    at new Promise (<anonymous>)
    at __awaiter (/Users/sergiotorrejon/Documents/storrejon/dev-storrejon/nodejs/api-nodejs/src/core/auth/jwt.ts:4:12)
    at verifyToken (/Users/sergiotorrejon/Documents/storrejon/dev-storrejon/nodejs/api-nodejs/src/core/auth/jwt.ts:19:12)
    at Layer.handle [as handle_request] (/Users/sergiotorrejon/Documents/storrejon/dev-storrejon/nodejs/api-nodejs/node_modules/express/lib/router/layer.js:95:5)
    at next (/Users/sergiotorrejon/Documents/storrejon/dev-storrejon/nodejs/api-nodejs/node_modules/express/lib/router/route.js:144:13)
    at Route.dispatch (/Users/sergiotorrejon/Documents/storrejon/dev-storrejon/nodejs/api-nodejs/node_modules/express/lib/router/route.js:114:3)
2022-07-20T05:49:35.047Z [undefined] info: Servidor arriba
2022-07-20T05:49:40.589Z [undefined] error: uncaughtException: invalid token
JsonWebTokenError: invalid token
    at Object.module.exports [as verify] (/Users/sergiotorrejon/Documents/storrejon/dev-storrejon/nodejs/api-nodejs/node_modules/jsonwebtoken/verify.js:75:17)
    at /Users/sergiotorrejon/Documents/storrejon/dev-storrejon/nodejs/api-nodejs/src/core/auth/jwt.ts:18:23
    at Generator.next (<anonymous>)
    at /Users/sergiotorrejon/Documents/storrejon/dev-storrejon/nodejs/api-nodejs/src/core/auth/jwt.ts:8:71
    at new Promise (<anonymous>)
    at __awaiter (/Users/sergiotorrejon/Documents/storrejon/dev-storrejon/nodejs/api-nodejs/src/core/auth/jwt.ts:4:12)
    at verifyToken (/Users/sergiotorrejon/Documents/storrejon/dev-storrejon/nodejs/api-nodejs/src/core/auth/jwt.ts:19:12)
    at Layer.handle [as handle_request] (/Users/sergiotorrejon/Documents/storrejon/dev-storrejon/nodejs/api-nodejs/node_modules/express/lib/router/layer.js:95:5)
    at next (/Users/sergiotorrejon/Documents/storrejon/dev-storrejon/nodejs/api-nodejs/node_modules/express/lib/router/route.js:144:13)
    at Route.dispatch (/Users/sergiotorrejon/Documents/storrejon/dev-storrejon/nodejs/api-nodejs/node_modules/express/lib/router/route.js:114:3)
2022-07-20T05:51:34.208Z [undefined] info: Servidor arriba
2022-07-20T05:52:39.153Z [undefined] info: Servidor arriba
2022-07-20T05:52:51.685Z [undefined] error: uncaughtException: invalid token
JsonWebTokenError: invalid token
    at Object.module.exports [as verify] (/Users/sergiotorrejon/Documents/storrejon/dev-storrejon/nodejs/api-nodejs/node_modules/jsonwebtoken/verify.js:75:17)
    at /Users/sergiotorrejon/Documents/storrejon/dev-storrejon/nodejs/api-nodejs/src/core/auth/jwt.ts:18:23
    at Generator.next (<anonymous>)
    at /Users/sergiotorrejon/Documents/storrejon/dev-storrejon/nodejs/api-nodejs/src/core/auth/jwt.ts:8:71
    at new Promise (<anonymous>)
    at __awaiter (/Users/sergiotorrejon/Documents/storrejon/dev-storrejon/nodejs/api-nodejs/src/core/auth/jwt.ts:4:12)
    at verifyToken (/Users/sergiotorrejon/Documents/storrejon/dev-storrejon/nodejs/api-nodejs/src/core/auth/jwt.ts:19:12)
    at Layer.handle [as handle_request] (/Users/sergiotorrejon/Documents/storrejon/dev-storrejon/nodejs/api-nodejs/node_modules/express/lib/router/layer.js:95:5)
    at next (/Users/sergiotorrejon/Documents/storrejon/dev-storrejon/nodejs/api-nodejs/node_modules/express/lib/router/route.js:144:13)
    at Route.dispatch (/Users/sergiotorrejon/Documents/storrejon/dev-storrejon/nodejs/api-nodejs/node_modules/express/lib/router/route.js:114:3)
2022-07-20T05:54:18.541Z [undefined] info: Servidor arriba
2022-07-20T05:54:24.505Z [undefined] error: uncaughtException: jwt expired
TokenExpiredError: jwt expired
    at /Users/sergiotorrejon/Documents/storrejon/dev-storrejon/nodejs/api-nodejs/node_modules/jsonwebtoken/verify.js:152:21
    at getSecret (/Users/sergiotorrejon/Documents/storrejon/dev-storrejon/nodejs/api-nodejs/node_modules/jsonwebtoken/verify.js:90:14)
    at Object.module.exports [as verify] (/Users/sergiotorrejon/Documents/storrejon/dev-storrejon/nodejs/api-nodejs/node_modules/jsonwebtoken/verify.js:94:10)
    at /Users/sergiotorrejon/Documents/storrejon/dev-storrejon/nodejs/api-nodejs/src/core/auth/jwt.ts:18:23
    at Generator.next (<anonymous>)
    at /Users/sergiotorrejon/Documents/storrejon/dev-storrejon/nodejs/api-nodejs/src/core/auth/jwt.ts:8:71
    at new Promise (<anonymous>)
    at __awaiter (/Users/sergiotorrejon/Documents/storrejon/dev-storrejon/nodejs/api-nodejs/src/core/auth/jwt.ts:4:12)
    at verifyToken (/Users/sergiotorrejon/Documents/storrejon/dev-storrejon/nodejs/api-nodejs/src/core/auth/jwt.ts:19:12)
    at Layer.handle [as handle_request] (/Users/sergiotorrejon/Documents/storrejon/dev-storrejon/nodejs/api-nodejs/node_modules/express/lib/router/layer.js:95:5)
2022-07-20T05:59:19.993Z [undefined] info: Servidor arriba
2022-07-20T06:04:02.165Z [undefined] error: uncaughtException: jwt not active
NotBeforeError: jwt not active
    at /Users/sergiotorrejon/Documents/storrejon/dev-storrejon/nodejs/api-nodejs/node_modules/jsonwebtoken/verify.js:143:21
    at getSecret (/Users/sergiotorrejon/Documents/storrejon/dev-storrejon/nodejs/api-nodejs/node_modules/jsonwebtoken/verify.js:90:14)
    at Object.module.exports [as verify] (/Users/sergiotorrejon/Documents/storrejon/dev-storrejon/nodejs/api-nodejs/node_modules/jsonwebtoken/verify.js:94:10)
    at /Users/sergiotorrejon/Documents/storrejon/dev-storrejon/nodejs/api-nodejs/src/core/auth/jwt.ts:18:23
    at Generator.next (<anonymous>)
    at /Users/sergiotorrejon/Documents/storrejon/dev-storrejon/nodejs/api-nodejs/src/core/auth/jwt.ts:8:71
    at new Promise (<anonymous>)
    at __awaiter (/Users/sergiotorrejon/Documents/storrejon/dev-storrejon/nodejs/api-nodejs/src/core/auth/jwt.ts:4:12)
    at verifyToken (/Users/sergiotorrejon/Documents/storrejon/dev-storrejon/nodejs/api-nodejs/src/core/auth/jwt.ts:19:12)
    at Layer.handle [as handle_request] (/Users/sergiotorrejon/Documents/storrejon/dev-storrejon/nodejs/api-nodejs/node_modules/express/lib/router/layer.js:95:5)
2022-07-20T06:15:52.393Z [undefined] info: Servidor arriba
2022-07-20T06:15:55.558Z [undefined] error: uncaughtException: jwt malformed
JsonWebTokenError: jwt malformed
    at Object.module.exports [as verify] (/Users/sergiotorrejon/Documents/storrejon/dev-storrejon/nodejs/api-nodejs/node_modules/jsonwebtoken/verify.js:63:17)
    at /Users/sergiotorrejon/Documents/storrejon/dev-storrejon/nodejs/api-nodejs/src/core/auth/jwt.ts:17:23
    at Generator.next (<anonymous>)
    at /Users/sergiotorrejon/Documents/storrejon/dev-storrejon/nodejs/api-nodejs/src/core/auth/jwt.ts:8:71
    at new Promise (<anonymous>)
    at __awaiter (/Users/sergiotorrejon/Documents/storrejon/dev-storrejon/nodejs/api-nodejs/src/core/auth/jwt.ts:4:12)
    at verifyToken (/Users/sergiotorrejon/Documents/storrejon/dev-storrejon/nodejs/api-nodejs/src/core/auth/jwt.ts:19:12)
    at Layer.handle [as handle_request] (/Users/sergiotorrejon/Documents/storrejon/dev-storrejon/nodejs/api-nodejs/node_modules/express/lib/router/layer.js:95:5)
    at next (/Users/sergiotorrejon/Documents/storrejon/dev-storrejon/nodejs/api-nodejs/node_modules/express/lib/router/route.js:144:13)
    at Route.dispatch (/Users/sergiotorrejon/Documents/storrejon/dev-storrejon/nodejs/api-nodejs/node_modules/express/lib/router/route.js:114:3)
2022-07-20T06:17:31.025Z [undefined] info: Servidor arriba
2022-07-20T06:17:34.160Z [undefined] info: Servidor arriba
2022-07-20T06:22:21.937Z [undefined] info: Servidor arriba
2022-07-20T06:29:25.337Z [undefined] info: Servidor arriba
2022-07-20T07:21:32.993Z [undefined] info: Servidor arriba
2022-07-20T07:23:20.515Z [undefined] info: Servidor arriba
2022-07-20T07:23:24.698Z [undefined] info: Servidor arriba
2022-07-20T07:23:49.241Z [undefined] info: Servidor arriba
2022-07-20T07:34:26.199Z [undefined] info: Servidor arriba
2022-07-20T07:34:32.197Z [undefined] info: Servidor arriba
2022-07-20T07:36:23.474Z [undefined] info: Servidor arriba
2022-07-20T07:42:17.293Z [undefined] info: Servidor arriba
2022-07-20T07:43:22.907Z [undefined] info: Servidor arriba
2022-07-20T07:44:09.981Z [undefined] info: Servidor arriba
2022-07-20T07:53:05.880Z [undefined] info: Servidor arriba
2022-07-20T07:53:13.931Z [undefined] info: Servidor arriba
2022-07-20T07:55:11.536Z [undefined] info: Servidor arriba
2022-07-20T07:56:44.907Z [undefined] info: Servidor arriba
2022-07-20T07:57:24.428Z [undefined] info: Servidor arriba
2022-07-20T07:58:22.400Z [undefined] info: Servidor arriba
2022-07-20T07:58:28.965Z [undefined] info: Servidor arriba
2022-07-20T07:59:26.807Z [undefined] info: Servidor arriba
2022-07-20T08:07:28.367Z [undefined] info: Servidor arriba
2022-07-21T06:06:33.102Z [undefined] info: Servidor arriba
2022-07-21T06:07:20.506Z [undefined] info: Servidor arriba
2022-07-21T06:08:30.640Z [undefined] info: Servidor arriba
2022-07-21T06:09:55.821Z [undefined] info: Servidor arriba
2022-07-21T06:09:59.712Z [undefined] info: Servidor arriba
2022-07-21T06:10:19.764Z [undefined] info: Servidor arriba
2022-07-21T06:10:52.729Z [undefined] info: Servidor arriba
2022-07-21T06:11:08.556Z [undefined] info: Servidor arriba
2022-07-21T06:11:54.470Z [undefined] info: Servidor arriba
2022-07-21T06:14:45.825Z [undefined] info: Servidor arriba
2022-07-21T06:14:59.143Z [undefined] info: Servidor arriba
2022-07-21T06:16:13.282Z [undefined] info: Servidor arriba
2022-07-21T06:57:47.559Z [undefined] info: Servidor arriba
2022-07-21T07:12:08.970Z [undefined] info: Servidor arriba
2022-07-21T07:12:16.127Z [undefined] info: Servidor arriba
2022-07-21T07:13:34.444Z [undefined] info: Servidor arriba
2022-07-21T07:14:36.752Z [undefined] info: Servidor arriba
2022-07-21T07:18:47.389Z [undefined] info: Servidor arriba
2022-07-21T07:25:17.876Z [undefined] info: Servidor arriba
2022-07-21T07:43:50.948Z [undefined] info: Servidor arriba
2022-07-21T07:48:24.945Z [undefined] info: Servidor arriba
2022-07-21T07:48:52.481Z [undefined] info: Servidor arriba
2022-07-21T07:50:36.918Z [undefined] info: Servidor arriba
2022-07-21T07:51:27.151Z [undefined] info: Servidor arriba
2022-07-21T07:52:00.610Z [undefined] info: Servidor arriba
2022-07-21T07:53:52.590Z [undefined] info: Servidor arriba
2022-07-21T07:55:35.837Z [undefined] info: Servidor arriba
2022-07-21T07:56:52.565Z [undefined] info: Servidor arriba
2022-07-21T07:57:16.889Z [undefined] info: Servidor arriba
2022-07-21T08:01:23.846Z [undefined] info: Servidor arriba
2022-07-21T08:08:41.653Z [undefined] info: Servidor arriba
2022-07-26T01:06:28.516Z [undefined] info: Servidor arriba
2022-07-26T01:26:21.853Z [undefined] info: Servidor arriba
2022-07-26T01:30:44.061Z [undefined] info: Servidor arriba
2022-07-26T01:32:48.788Z [undefined] info: Servidor arriba
2022-07-26T01:33:19.470Z [undefined] info: Servidor arriba
2022-07-26T01:34:11.840Z [undefined] info: Servidor arriba
2022-07-26T01:37:06.520Z [undefined] info: Servidor arriba
2022-07-26T01:38:25.217Z [undefined] info: Servidor arriba
2022-07-26T01:39:14.507Z [undefined] info: Servidor arriba
2022-07-26T01:40:28.969Z [undefined] info: Servidor arriba
2022-07-26T01:41:58.909Z [undefined] info: Servidor arriba
2022-07-26T01:44:52.619Z [undefined] info: Servidor arriba
2022-07-26T01:45:48.076Z [undefined] info: Servidor arriba
2022-07-26T01:46:15.332Z [undefined] info: Servidor arriba
2022-07-26T01:46:20.654Z [undefined] info: Servidor arriba
2022-07-26T01:46:36.858Z [undefined] info: Servidor arriba
2022-07-26T01:47:46.200Z [undefined] info: Servidor arriba
2022-07-26T01:48:28.312Z [undefined] info: Servidor arriba
2022-07-26T01:49:16.578Z [undefined] info: Servidor arriba
2022-07-26T01:49:51.760Z [undefined] info: Servidor arriba
2022-07-26T01:50:09.462Z [undefined] info: Servidor arriba
2022-07-26T01:50:15.017Z [undefined] info: Servidor arriba
2022-07-26T01:50:59.423Z [undefined] info: Servidor arriba
2022-07-26T01:51:29.050Z [undefined] info: Servidor arriba
2022-07-26T01:52:03.146Z [undefined] info: Servidor arriba
2022-07-26T01:52:37.687Z [undefined] info: Servidor arriba
2022-07-26T01:52:52.131Z [undefined] info: Servidor arriba
2022-07-26T01:57:57.650Z [undefined] info: Servidor arriba
2022-07-26T01:58:11.290Z [undefined] info: Servidor arriba
2022-07-26T02:04:26.181Z [undefined] info: Servidor arriba
2022-07-26T02:06:57.113Z [undefined] info: Servidor arriba
2022-07-26T02:09:04.801Z [undefined] info: Servidor arriba
2022-07-26T02:12:33.700Z [undefined] info: Servidor arriba
2022-07-26T02:13:38.923Z [undefined] info: Servidor arriba
2022-07-26T02:13:57.130Z [undefined] info: Servidor arriba
2022-07-26T02:15:45.999Z [undefined] info: Servidor arriba
2022-07-26T02:17:33.185Z [undefined] info: Servidor arriba
2022-07-26T02:22:50.560Z [undefined] info: Servidor arriba
2022-07-26T02:22:59.034Z [undefined] info: Servidor arriba
2022-07-26T02:26:14.441Z [undefined] info: Servidor arriba
2022-07-26T02:28:38.429Z [undefined] info: Servidor arriba
2022-07-26T02:29:52.205Z [undefined] info: Servidor arriba
2022-07-26T02:32:49.967Z [undefined] info: Servidor arriba
2022-07-26T02:53:18.802Z [undefined] info: Servidor arriba
2022-07-26T02:53:36.577Z [undefined] info: Servidor arriba
2022-07-26T02:53:45.999Z [undefined] info: Servidor arriba
2022-07-26T02:54:14.796Z [undefined] info: Servidor arriba
2022-07-26T02:58:27.751Z [undefined] info: Servidor arriba
2022-07-26T03:15:19.982Z [undefined] info: Servidor arriba
2022-07-26T03:20:01.514Z [undefined] info: Servidor arriba
2022-07-26T03:20:49.986Z [undefined] info: Servidor arriba
2022-07-26T03:21:31.140Z [undefined] info: Servidor arriba
2022-07-26T03:23:13.868Z [undefined] info: Servidor arriba
2022-07-26T03:23:52.509Z [undefined] info: Servidor arriba
2022-07-26T03:24:30.678Z [undefined] info: Servidor arriba
2022-07-26T03:24:48.503Z [undefined] info: Servidor arriba
2022-07-26T03:26:21.253Z [undefined] info: Servidor arriba
2022-07-26T03:26:51.762Z [undefined] info: Servidor arriba
2022-07-26T03:29:51.905Z [undefined] info: Servidor arriba
2022-07-26T03:33:11.126Z [undefined] info: Servidor arriba
2022-07-26T03:34:18.575Z [undefined] info: Servidor arriba
2022-07-26T03:36:19.907Z [undefined] info: Servidor arriba
2022-07-26T03:38:23.697Z [undefined] info: Servidor arriba
2022-07-26T03:39:34.848Z [undefined] info: Servidor arriba
2022-07-26T03:40:51.304Z [undefined] info: Servidor arriba
2022-07-26T03:41:23.278Z [undefined] info: Servidor arriba
2022-07-26T03:42:47.142Z [undefined] info: Servidor arriba
2022-07-26T03:43:11.804Z [undefined] info: Servidor arriba
2022-07-26T03:45:04.835Z [undefined] info: Servidor arriba
2022-07-26T03:45:56.434Z [undefined] info: Servidor arriba
2022-07-26T03:46:34.093Z [undefined] info: Servidor arriba
2022-07-26T03:48:37.101Z [undefined] info: Servidor arriba
2022-07-26T03:48:52.575Z [undefined] info: Servidor arriba
2022-07-26T03:49:39.435Z [undefined] info: Servidor arriba
2022-07-26T03:50:08.150Z [undefined] info: Servidor arriba
2022-07-26T03:51:10.620Z [undefined] info: Servidor arriba
2022-07-26T03:51:46.064Z [undefined] info: Servidor arriba
2022-07-26T03:52:10.796Z [undefined] info: Servidor arriba
2022-07-26T03:53:08.342Z [undefined] info: Servidor arriba
2022-07-26T03:53:21.958Z [undefined] info: Servidor arriba
2022-07-26T03:53:33.267Z [undefined] info: Servidor arriba
2022-07-26T03:53:59.849Z [undefined] info: Servidor arriba
2022-07-26T03:58:50.290Z [undefined] info: Servidor arriba
2022-07-26T03:59:09.777Z [undefined] info: Servidor arriba
2022-07-26T03:59:17.104Z [undefined] info: Servidor arriba
2022-07-26T04:07:41.010Z [undefined] info: Servidor arriba
2022-07-26T04:08:37.143Z [undefined] info: Servidor arriba
2022-07-26T04:09:02.751Z [undefined] info: Servidor arriba
2022-07-26T04:11:30.899Z [undefined] info: Servidor arriba
2022-07-26T04:11:57.226Z [undefined] info: Servidor arriba
2022-07-26T04:12:56.031Z [undefined] info: Servidor arriba
2022-07-26T04:12:57.815Z [undefined] info: Servidor arriba
2022-07-26T04:12:58.857Z [undefined] info: Servidor arriba
2022-07-26T04:13:32.208Z [undefined] info: Servidor arriba
2022-07-26T04:17:56.450Z [undefined] info: Servidor arriba
2022-07-26T04:21:25.765Z [undefined] info: Servidor arriba
2022-07-26T04:21:47.964Z [undefined] info: Servidor arriba
2022-07-26T04:22:50.774Z [undefined] info: Servidor arriba
2022-07-26T04:23:31.659Z [undefined] info: Servidor arriba
2022-07-26T04:24:49.724Z [undefined] info: Servidor arriba
2022-07-26T04:25:11.763Z [undefined] info: Servidor arriba
2022-07-26T04:25:50.797Z [undefined] info: Servidor arriba
2022-07-26T04:27:18.058Z [undefined] info: Servidor arriba
2022-07-26T04:37:06.024Z [undefined] info: Servidor arriba
2022-07-26T04:40:05.878Z [undefined] info: Servidor arriba
2022-07-26T04:46:41.387Z [undefined] info: Servidor arriba
2022-07-26T04:52:31.246Z [undefined] info: Servidor arriba
2022-07-26T04:57:55.836Z [undefined] info: Servidor arriba
2022-07-26T04:59:57.855Z [undefined] info: Servidor arriba
2022-07-26T05:01:54.179Z [undefined] info: Servidor arriba
2022-07-26T05:04:01.496Z [undefined] info: Servidor arriba
2022-07-26T05:05:00.281Z [undefined] info: Servidor arriba
2022-07-26T05:05:10.938Z [undefined] info: Servidor arriba
2022-07-26T05:09:59.136Z [undefined] info: Servidor arriba
2022-07-26T05:10:08.552Z [undefined] info: Servidor arriba
2022-07-26T05:14:36.896Z [undefined] info: Servidor arriba
2022-07-26T05:14:58.704Z [undefined] info: Servidor arriba
2022-07-26T05:17:04.541Z [undefined] info: Servidor arriba
2022-07-26T05:25:03.004Z [undefined] info: Servidor arriba
2022-07-26T05:26:53.357Z [undefined] info: Servidor arriba
2022-07-26T05:42:13.390Z [undefined] info: Servidor arriba
2022-07-26T05:44:49.182Z [undefined] info: Servidor arriba
2022-07-26T06:09:08.830Z [undefined] info: Servidor arriba
2022-07-26T06:12:03.911Z [undefined] info: Servidor arriba
2022-07-26T06:12:19.006Z [undefined] info: Servidor arriba
2022-07-26T06:16:48.004Z [undefined] info: Servidor arriba
2022-07-26T06:17:06.229Z [undefined] info: Servidor arriba
2022-07-26T06:19:01.494Z [undefined] info: Servidor arriba
2022-07-26T06:19:57.750Z [undefined] info: Servidor arriba
2022-07-26T06:21:01.894Z [undefined] info: Servidor arriba
2022-07-26T06:27:27.304Z [undefined] info: Servidor arriba
2022-07-26T06:28:53.184Z [undefined] info: Servidor arriba
2022-07-26T06:31:28.934Z [undefined] info: Servidor arriba
2022-07-26T06:31:49.652Z [undefined] info: Servidor arriba
2022-07-26T06:32:47.886Z [undefined] info: Servidor arriba
2022-07-26T06:34:18.907Z [undefined] info: Servidor arriba
2022-07-26T06:44:00.089Z [undefined] info: Servidor arriba
2022-07-26T06:47:46.961Z [undefined] info: Servidor arriba
2022-07-26T06:48:18.327Z [undefined] info: Servidor arriba
2022-07-26T06:48:37.395Z [undefined] info: Servidor arriba
2022-07-26T06:49:09.086Z [undefined] info: Servidor arriba
2022-07-26T07:10:44.817Z [undefined] info: Servidor arriba
2022-07-26T07:14:24.224Z [undefined] info: Servidor arriba
2022-07-26T07:30:08.743Z [undefined] info: Servidor arriba
2022-07-26T07:34:15.673Z [undefined] info: Servidor arriba
2022-07-27T04:06:15.378Z [undefined] info: Servidor arriba
2022-07-27T04:23:50.159Z [undefined] info: Servidor arriba
2022-07-27T04:31:41.241Z [undefined] info: Servidor arriba
2022-07-27T04:31:53.651Z [undefined] info: Servidor arriba
2022-07-27T04:32:52.502Z [undefined] info: Servidor arriba
2022-07-27T04:33:04.878Z [undefined] info: Servidor arriba
2022-07-27T04:36:19.239Z [undefined] info: Servidor arriba
2022-07-27T04:40:00.536Z [undefined] info: Servidor arriba
2022-07-27T04:46:19.337Z [undefined] info: Servidor arriba
2022-07-27T05:16:30.059Z [undefined] info: Servidor arriba
2022-07-27T05:19:54.331Z [undefined] info: Servidor arriba
2022-07-27T05:20:43.734Z [undefined] info: Servidor arriba
2022-07-27T05:21:31.275Z [undefined] info: Servidor arriba
2022-07-27T05:33:50.319Z [undefined] info: Servidor arriba
2022-07-27T05:44:53.621Z [undefined] info: Servidor arriba
2022-07-27T05:46:10.992Z [undefined] info: Servidor arriba
2022-07-27T05:47:31.593Z [undefined] info: Servidor arriba
2022-07-27T05:48:55.611Z [undefined] info: Servidor arriba
2022-07-27T05:51:08.692Z [undefined] info: Servidor arriba
2022-07-27T05:51:56.647Z [undefined] info: Servidor arriba
2022-07-27T05:56:42.210Z [undefined] info: Servidor arriba
2022-07-27T06:03:23.833Z [undefined] info: Servidor arriba
2022-07-27T06:23:02.494Z [undefined] info: Servidor arriba
2022-07-27T06:26:29.384Z [undefined] info: Servidor arriba
2022-07-27T06:33:00.063Z [undefined] info: Servidor arriba
2022-07-27T06:33:04.542Z [undefined] error: uncaughtException: null value in column "firstname" of relation "setting" violates not-null constraint
QueryFailedError: null value in column "firstname" of relation "setting" violates not-null constraint
    at PostgresQueryRunner.query (/Users/sergiotorrejon/Documents/storrejon/dev-storrejon/nodejs/api-nodejs/src/driver/postgres/PostgresQueryRunner.ts:299:19)
    at processTicksAndRejections (node:internal/process/task_queues:96:5)
    at InsertQueryBuilder.execute (/Users/sergiotorrejon/Documents/storrejon/dev-storrejon/nodejs/api-nodejs/src/query-builder/InsertQueryBuilder.ts:161:33)
    at SubjectExecutor.executeInsertOperations (/Users/sergiotorrejon/Documents/storrejon/dev-storrejon/nodejs/api-nodejs/src/persistence/SubjectExecutor.ts:460:25)
    at SubjectExecutor.execute (/Users/sergiotorrejon/Documents/storrejon/dev-storrejon/nodejs/api-nodejs/src/persistence/SubjectExecutor.ts:137:9)
    at EntityPersistExecutor.execute (/Users/sergiotorrejon/Documents/storrejon/dev-storrejon/nodejs/api-nodejs/src/persistence/EntityPersistExecutor.ts:194:21)
2022-07-27T06:36:03.827Z [undefined] info: Servidor arriba
2022-07-27T06:36:08.212Z [undefined] error: uncaughtException: null value in column "firstname" of relation "setting" violates not-null constraint
QueryFailedError: null value in column "firstname" of relation "setting" violates not-null constraint
    at PostgresQueryRunner.query (/Users/sergiotorrejon/Documents/storrejon/dev-storrejon/nodejs/api-nodejs/src/driver/postgres/PostgresQueryRunner.ts:299:19)
    at processTicksAndRejections (node:internal/process/task_queues:96:5)
    at InsertQueryBuilder.execute (/Users/sergiotorrejon/Documents/storrejon/dev-storrejon/nodejs/api-nodejs/src/query-builder/InsertQueryBuilder.ts:161:33)
    at SubjectExecutor.executeInsertOperations (/Users/sergiotorrejon/Documents/storrejon/dev-storrejon/nodejs/api-nodejs/src/persistence/SubjectExecutor.ts:460:25)
    at SubjectExecutor.execute (/Users/sergiotorrejon/Documents/storrejon/dev-storrejon/nodejs/api-nodejs/src/persistence/SubjectExecutor.ts:137:9)
    at EntityPersistExecutor.execute (/Users/sergiotorrejon/Documents/storrejon/dev-storrejon/nodejs/api-nodejs/src/persistence/EntityPersistExecutor.ts:194:21)
2022-07-27T06:37:24.839Z [undefined] info: Servidor arriba
2022-07-27T06:37:27.195Z [undefined] error: uncaughtException: Found non-callable @@iterator
TypeError: Found non-callable @@iterator
    at /Users/sergiotorrejon/Documents/storrejon/dev-storrejon/nodejs/api-nodejs/src/modules/admin/settings/settings.service.ts:19:14
    at Generator.next (<anonymous>)
    at /Users/sergiotorrejon/Documents/storrejon/dev-storrejon/nodejs/api-nodejs/src/modules/admin/settings/settings.service.ts:8:71
    at new Promise (<anonymous>)
    at __awaiter (/Users/sergiotorrejon/Documents/storrejon/dev-storrejon/nodejs/api-nodejs/src/modules/admin/settings/settings.service.ts:4:12)
    at _postOne (/Users/sergiotorrejon/Documents/storrejon/dev-storrejon/nodejs/api-nodejs/src/modules/admin/settings/settings.service.ts:15:39)
    at /Users/sergiotorrejon/Documents/storrejon/dev-storrejon/nodejs/api-nodejs/src/modules/admin/settings/settings.controller.ts:42:26
    at Generator.next (<anonymous>)
    at /Users/sergiotorrejon/Documents/storrejon/dev-storrejon/nodejs/api-nodejs/src/modules/admin/settings/settings.controller.ts:8:71
    at new Promise (<anonymous>)
2022-07-27T06:39:25.181Z [undefined] info: Servidor arriba
2022-07-27T06:45:53.308Z [undefined] info: Servidor arriba
2022-07-27T06:48:56.999Z [undefined] info: Servidor arriba
2022-07-27T06:53:41.408Z [undefined] info: Servidor arriba
2022-07-27T07:02:43.618Z [undefined] info: Servidor arriba
2022-07-27T07:24:42.500Z [undefined] info: Servidor arriba
2022-07-27T07:28:35.022Z [undefined] info: Servidor arriba
2022-07-27T07:28:55.132Z [undefined] error: uncaughtException: No metadata for "string" was found.
EntityMetadataNotFoundError: No metadata for "string" was found.
    at DataSource.getMetadata (/Users/sergiotorrejon/Documents/storrejon/dev-storrejon/nodejs/api-nodejs/src/data-source/DataSource.ts:423:30)
    at Repository.get metadata [as metadata] (/Users/sergiotorrejon/Documents/storrejon/dev-storrejon/nodejs/api-nodejs/src/repository/Repository.ts:52:40)
    at Repository.save (/Users/sergiotorrejon/Documents/storrejon/dev-storrejon/nodejs/api-nodejs/src/repository/Repository.ts:205:18)
    at /Users/sergiotorrejon/Documents/storrejon/dev-storrejon/nodejs/api-nodejs/src/modules/admin/settings/settings.service.ts:19:71
    at Generator.next (<anonymous>)
    at /Users/sergiotorrejon/Documents/storrejon/dev-storrejon/nodejs/api-nodejs/src/modules/admin/settings/settings.service.ts:8:71
    at new Promise (<anonymous>)
    at __awaiter (/Users/sergiotorrejon/Documents/storrejon/dev-storrejon/nodejs/api-nodejs/src/modules/admin/settings/settings.service.ts:4:12)
    at _postOne (/Users/sergiotorrejon/Documents/storrejon/dev-storrejon/nodejs/api-nodejs/src/modules/admin/settings/settings.service.ts:17:39)
    at /Users/sergiotorrejon/Documents/storrejon/dev-storrejon/nodejs/api-nodejs/src/modules/admin/settings/settings.controller.ts:42:26
2022-07-27T07:40:45.823Z [undefined] info: Servidor arriba
2022-07-27T07:41:00.767Z [undefined] info: Servidor arriba
2022-07-27T07:41:01.913Z [undefined] error: uncaughtException: No metadata for "string" was found.
EntityMetadataNotFoundError: No metadata for "string" was found.
    at DataSource.getMetadata (/Users/sergiotorrejon/Documents/storrejon/dev-storrejon/nodejs/api-nodejs/src/data-source/DataSource.ts:423:30)
    at Repository.get metadata [as metadata] (/Users/sergiotorrejon/Documents/storrejon/dev-storrejon/nodejs/api-nodejs/src/repository/Repository.ts:52:40)
    at Repository.save (/Users/sergiotorrejon/Documents/storrejon/dev-storrejon/nodejs/api-nodejs/src/repository/Repository.ts:205:18)
    at /Users/sergiotorrejon/Documents/storrejon/dev-storrejon/nodejs/api-nodejs/src/modules/admin/settings/settings.service.ts:32:72
    at Generator.next (<anonymous>)
    at /Users/sergiotorrejon/Documents/storrejon/dev-storrejon/nodejs/api-nodejs/src/modules/admin/settings/settings.service.ts:8:71
    at new Promise (<anonymous>)
    at __awaiter (/Users/sergiotorrejon/Documents/storrejon/dev-storrejon/nodejs/api-nodejs/src/modules/admin/settings/settings.service.ts:4:12)
    at _postOne (/Users/sergiotorrejon/Documents/storrejon/dev-storrejon/nodejs/api-nodejs/src/modules/admin/settings/settings.service.ts:30:39)
    at /Users/sergiotorrejon/Documents/storrejon/dev-storrejon/nodejs/api-nodejs/src/modules/admin/settings/settings.controller.ts:42:26
2022-07-27T07:41:31.033Z [undefined] info: Servidor arriba
2022-07-27T07:44:34.163Z [undefined] info: Servidor arriba
2022-07-27T07:45:09.293Z [undefined] info: Servidor arriba
2022-07-27T07:50:32.077Z [undefined] info: Servidor arriba
2022-07-27T07:53:38.721Z [undefined] info: Servidor arriba
2022-07-27T07:53:59.177Z [undefined] info: Servidor arriba
2022-07-27T07:55:01.330Z [undefined] info: Servidor arriba
2022-07-27T07:55:48.318Z [undefined] error: uncaughtException: No metadata for "Setting" was found.
EntityMetadataNotFoundError: No metadata for "Setting" was found.
    at DataSource.getMetadata (/Users/sergiotorrejon/Documents/storrejon/dev-storrejon/nodejs/api-nodejs/src/data-source/DataSource.ts:423:30)
    at Repository.get metadata [as metadata] (/Users/sergiotorrejon/Documents/storrejon/dev-storrejon/nodejs/api-nodejs/src/repository/Repository.ts:52:40)
    at Repository.create (/Users/sergiotorrejon/Documents/storrejon/dev-storrejon/nodejs/api-nodejs/src/repository/Repository.ts:129:18)
    at /Users/sergiotorrejon/Documents/storrejon/dev-storrejon/nodejs/api-nodejs/src/modules/admin/settings/settings.service.ts:21:53
    at Generator.next (<anonymous>)
    at /Users/sergiotorrejon/Documents/storrejon/dev-storrejon/nodejs/api-nodejs/src/modules/admin/settings/settings.service.ts:8:71
    at new Promise (<anonymous>)
    at __awaiter (/Users/sergiotorrejon/Documents/storrejon/dev-storrejon/nodejs/api-nodejs/src/modules/admin/settings/settings.service.ts:4:12)
    at _postOne (/Users/sergiotorrejon/Documents/storrejon/dev-storrejon/nodejs/api-nodejs/src/modules/admin/settings/settings.service.ts:19:39)
    at /Users/sergiotorrejon/Documents/storrejon/dev-storrejon/nodejs/api-nodejs/src/modules/admin/settings/settings.controller.ts:42:26
2022-07-27T07:58:16.130Z [undefined] info: Servidor arriba
2022-07-28T04:53:35.941Z [undefined] info: Servidor arriba
2022-07-28T05:07:08.483Z [undefined] info: Servidor arriba
2022-07-28T05:20:42.092Z [undefined] info: Servidor arriba
2022-07-28T05:21:15.943Z [undefined] info: Servidor arriba
2022-07-28T05:35:10.292Z [undefined] info: Servidor arriba
2022-07-28T05:49:19.327Z [undefined] info: Servidor arriba
2022-07-28T05:51:48.490Z [undefined] info: Servidor arriba
2022-07-28T05:58:57.755Z [undefined] info: Servidor arriba
2022-07-28T06:14:34.626Z [undefined] info: Servidor arriba
2022-07-28T06:15:32.444Z [undefined] info: Servidor arriba
2022-07-28T06:16:01.532Z [undefined] info: Servidor arriba
2022-07-28T06:20:40.290Z [undefined] info: Servidor arriba
2022-07-28T06:23:30.720Z [undefined] info: Servidor arriba
2022-07-28T06:46:11.763Z [undefined] info: Servidor arriba
2022-07-28T06:47:08.990Z [undefined] info: Servidor arriba
2022-07-28T06:47:21.064Z [undefined] info: Servidor arriba
2022-07-28T06:47:44.498Z [undefined] info: Servidor arriba
2022-07-28T06:55:48.722Z [undefined] info: Servidor arriba
2022-07-28T06:56:50.668Z [undefined] info: Servidor arriba
2022-07-28T07:00:15.814Z [undefined] info: Servidor arriba
2022-07-28T07:01:04.947Z [undefined] info: Servidor arriba
2022-07-28T07:01:44.944Z [undefined] info: Servidor arriba
2022-07-28T07:02:46.242Z [undefined] info: Servidor arriba
2022-07-28T07:03:10.934Z [undefined] info: Servidor arriba
2022-07-28T07:03:37.065Z [undefined] info: Servidor arriba
2022-07-28T07:06:22.703Z [undefined] info: Servidor arriba
2022-07-28T07:06:41.440Z [undefined] info: Servidor arriba
2022-07-28T07:06:59.460Z [undefined] info: Servidor arriba
2022-07-28T07:12:46.819Z [undefined] info: Servidor arriba
2022-07-28T07:17:01.900Z [undefined] info: Servidor arriba
2022-07-28T07:18:58.118Z [undefined] info: Servidor arriba
2022-07-28T07:19:47.024Z [undefined] info: Servidor arriba
2022-07-28T07:20:40.430Z [undefined] info: Servidor arriba
2022-07-28T07:22:48.891Z [undefined] info: Servidor arriba
2022-07-28T07:23:16.951Z [undefined] info: Servidor arriba
2022-07-28T07:25:50.242Z [undefined] info: Servidor arriba
2022-07-28T07:27:08.324Z [undefined] info: Servidor arriba
2022-07-28T07:28:32.871Z [undefined] info: Servidor arriba
2022-07-28T07:29:00.077Z [undefined] info: Servidor arriba
2022-07-28T07:29:42.737Z [undefined] info: Servidor arriba
2022-07-28T07:30:17.269Z [undefined] info: Servidor arriba
2022-07-28T07:31:26.016Z [undefined] info: Servidor arriba
2022-07-28T07:33:50.373Z [undefined] info: Servidor arriba
2022-07-29T06:26:40.417Z [undefined] info: Servidor arriba
2022-07-29T06:28:47.823Z [undefined] info: Servidor arriba
2022-07-29T06:40:22.478Z [undefined] info: Servidor arriba
2022-07-29T06:42:33.168Z [undefined] info: Servidor arriba
2022-07-29T06:43:55.844Z [undefined] info: Servidor arriba
2022-07-29T06:44:28.356Z [undefined] info: Servidor arriba
2022-07-29T06:48:04.613Z [undefined] info: Servidor arriba
2022-07-29T06:48:37.724Z [undefined] info: Servidor arriba
2022-07-29T06:49:13.752Z [undefined] info: Servidor arriba
2022-07-29T06:50:55.451Z [undefined] info: Servidor arriba
2022-07-29T06:57:35.349Z [undefined] info: Servidor arriba
2022-07-29T06:58:29.635Z [undefined] info: Servidor arriba
2022-07-29T07:00:31.762Z [undefined] info: Servidor arriba
2022-07-29T07:01:39.438Z [undefined] info: Servidor arriba
2022-07-29T07:04:36.081Z [undefined] info: Servidor arriba
2022-07-29T07:05:23.544Z [undefined] info: Servidor arriba
2022-07-29T07:05:53.494Z [undefined] info: Servidor arriba
2022-07-29T07:08:47.300Z [undefined] info: Servidor arriba
2022-07-29T07:08:55.453Z [undefined] info: Servidor arriba
2022-08-01T02:53:57.665Z [undefined] info: Servidor arriba
2022-08-01T04:24:13.084Z [undefined] info: Servidor arriba
2022-08-01T04:37:07.526Z [undefined] info: Servidor arriba
2022-08-01T04:51:23.226Z [undefined] info: Servidor arriba
2022-08-01T04:52:33.027Z [undefined] info: Servidor arriba
2022-08-01T04:56:44.120Z [undefined] info: Servidor arriba
2022-08-01T04:59:17.610Z [undefined] info: Servidor arriba
2022-08-01T05:05:02.331Z [undefined] info: Servidor arriba
2022-08-01T05:06:04.087Z [undefined] info: Servidor arriba
2022-08-01T05:08:05.053Z [undefined] info: Servidor arriba
2022-08-01T05:13:12.519Z [undefined] info: Servidor arriba
2022-08-01T05:14:12.717Z [undefined] info: Servidor arriba
2022-08-01T05:14:52.741Z [undefined] info: Servidor arriba
2022-08-01T05:15:51.863Z [undefined] info: Servidor arriba
2022-08-01T05:17:11.800Z [undefined] info: Servidor arriba
2022-08-01T05:19:03.603Z [undefined] info: Servidor arriba
2022-08-01T05:25:34.367Z [undefined] info: Servidor arriba
2022-08-01T05:26:01.994Z [undefined] info: Servidor arriba
2022-08-01T05:31:51.586Z [undefined] info: Servidor arriba
2022-08-01T05:33:07.889Z [undefined] info: Servidor arriba
2022-08-01T05:35:19.061Z [undefined] info: Servidor arriba
2022-08-01T05:43:55.137Z [undefined] info: Servidor arriba
2022-08-01T05:47:43.065Z [undefined] info: Servidor arriba
2022-08-01T05:47:48.120Z [undefined] info: Servidor arriba
2022-08-01T05:50:05.568Z [undefined] info: Servidor arriba
2022-08-01T05:51:39.593Z [undefined] info: Servidor arriba
2022-08-01T05:57:35.120Z [undefined] info: Servidor arriba
2022-08-01T05:58:47.873Z [undefined] info: Servidor arriba
2022-08-01T05:58:49.759Z [undefined] info: Servidor arriba
2022-08-01T06:00:18.612Z [undefined] info: Servidor arriba
2022-08-01T06:01:01.327Z [undefined] info: Servidor arriba
2022-08-01T06:01:40.263Z [undefined] info: Servidor arriba
2022-08-01T06:02:31.068Z [undefined] info: Servidor arriba
2022-08-01T06:03:04.546Z [undefined] info: Servidor arriba
2022-08-01T06:03:59.182Z [undefined] info: Servidor arriba
2022-08-01T06:04:43.114Z [undefined] info: Servidor arriba
2022-08-01T06:07:22.532Z [undefined] info: Servidor arriba
2022-08-01T06:07:42.181Z [undefined] info: Servidor arriba
2022-08-01T06:08:41.753Z [undefined] info: Servidor arriba
2022-08-01T06:09:59.559Z [undefined] info: Servidor arriba
2022-08-01T06:10:23.829Z [undefined] info: Servidor arriba
2022-08-01T06:12:52.272Z [undefined] info: Servidor arriba
2022-08-01T06:13:05.178Z [undefined] info: Servidor arriba
2022-08-01T06:20:00.212Z [undefined] info: Servidor arriba
2022-08-01T06:20:20.360Z [undefined] info: Servidor arriba
2022-08-01T06:21:08.877Z [undefined] info: Servidor arriba
2022-08-01T06:21:16.458Z [undefined] info: Servidor arriba
2022-08-01T06:40:20.063Z [undefined] info: Servidor arriba
2022-08-01T06:42:56.999Z [undefined] info: Servidor arriba
2022-08-01T06:44:09.501Z [undefined] info: Servidor arriba
2022-08-01T06:45:22.779Z [undefined] info: Servidor arriba
2022-08-01T06:46:11.654Z [undefined] info: Servidor arriba
2022-08-01T06:46:29.602Z [undefined] info: Servidor arriba
2022-08-01T06:47:45.156Z [undefined] info: Servidor arriba
2022-08-01T06:49:21.380Z [undefined] info: Servidor arriba
2022-08-01T06:50:23.948Z [undefined] info: Servidor arriba
2022-08-01T06:51:31.269Z [undefined] info: Servidor arriba
2022-08-01T06:52:05.464Z [undefined] info: Servidor arriba
2022-08-01T06:52:17.616Z [undefined] info: Servidor arriba
2022-08-01T06:53:16.997Z [undefined] info: Servidor arriba
2022-08-01T06:54:04.659Z [undefined] info: Servidor arriba
2022-08-01T06:54:36.048Z [undefined] info: Servidor arriba
2022-08-01T06:55:35.400Z [undefined] info: Servidor arriba
2022-08-01T06:56:58.523Z [undefined] info: Servidor arriba
2022-08-02T04:00:11.679Z [undefined] info: Servidor arriba
2022-08-02T04:10:00.287Z [undefined] info: Servidor arriba
2022-08-02T04:11:19.595Z [undefined] info: Servidor arriba
2022-08-02T04:11:44.722Z [undefined] info: Servidor arriba
2022-08-02T04:12:09.608Z [undefined] info: Servidor arriba
2022-08-02T04:12:27.445Z [undefined] info: Servidor arriba
2022-08-02T04:12:48.268Z [undefined] info: Servidor arriba
2022-08-02T04:13:03.750Z [undefined] info: Servidor arriba
2022-08-02T04:13:10.092Z [undefined] info: Servidor arriba
2022-08-02T04:26:04.755Z [undefined] info: Servidor arriba
2022-08-02T04:27:06.354Z [undefined] info: Servidor arriba
2022-08-02T04:27:41.182Z [undefined] info: Servidor arriba
2022-08-02T04:30:17.991Z [undefined] info: Servidor arriba
2022-08-02T04:30:27.689Z [undefined] info: Servidor arriba
2022-08-02T04:33:34.757Z [undefined] info: Servidor arriba
2022-08-02T04:33:49.971Z [undefined] info: Servidor arriba
2022-08-02T04:34:38.413Z [undefined] info: Servidor arriba
2022-08-02T04:35:28.316Z [undefined] info: Servidor arriba
2022-08-02T04:37:42.392Z [undefined] info: Servidor arriba
2022-08-02T04:38:59.178Z [undefined] info: Servidor arriba
2022-08-02T04:40:20.795Z [undefined] info: Servidor arriba
2022-08-02T04:47:35.611Z [undefined] info: Servidor arriba
2022-08-02T04:49:38.825Z [undefined] info: Servidor arriba
2022-08-02T04:52:54.895Z [undefined] info: Servidor arriba
2022-08-02T04:55:00.744Z [undefined] info: Servidor arriba
2022-08-02T05:00:04.206Z [undefined] info: Servidor arriba
2022-08-02T05:07:15.644Z [undefined] info: Servidor arriba
2022-08-02T05:08:11.867Z [undefined] info: Servidor arriba
2022-08-02T05:09:37.169Z [undefined] info: Servidor arriba
2022-08-02T05:11:26.832Z [undefined] info: Servidor arriba
2022-08-02T05:16:55.098Z [undefined] info: Servidor arriba
2022-08-02T05:17:38.748Z [undefined] info: Servidor arriba
2022-08-02T05:21:59.624Z [undefined] info: Servidor arriba
2022-08-02T05:22:56.524Z [undefined] info: Servidor arriba
2022-08-02T05:24:40.197Z [undefined] info: Servidor arriba
2022-08-02T05:34:12.314Z [undefined] info: Servidor arriba
2022-08-02T05:36:33.753Z [undefined] info: Servidor arriba
2022-08-02T05:39:51.960Z [undefined] info: Servidor arriba
2022-08-02T05:43:46.152Z [undefined] info: Servidor arriba
2022-08-02T05:45:36.828Z [undefined] info: Servidor arriba
2022-08-02T05:46:01.679Z [undefined] info: Servidor arriba
2022-08-02T05:52:42.623Z [undefined] info: Servidor arriba
2022-08-02T06:09:04.792Z [undefined] info: Servidor arriba
2022-08-02T06:16:23.869Z [undefined] info: Servidor arriba
2022-08-02T06:25:51.903Z [undefined] info: Servidor arriba
2022-08-02T06:36:27.193Z [undefined] info: Servidor arriba
2022-08-02T07:06:51.501Z [undefined] info: Servidor arriba
2022-08-02T07:14:39.680Z [undefined] info: Servidor arriba
2022-08-02T07:15:33.522Z [undefined] info: Servidor arriba
2022-08-02T07:16:59.168Z [undefined] info: Servidor arriba
2022-08-02T07:17:18.438Z [undefined] info: Servidor arriba
2022-08-02T07:18:37.110Z [undefined] info: Servidor arriba
2022-08-02T07:19:35.178Z [undefined] info: Servidor arriba
2022-08-02T07:20:22.054Z [undefined] info: Servidor arriba
2022-08-02T07:20:43.948Z [undefined] info: Servidor arriba
2022-08-02T07:21:38.138Z [undefined] info: Servidor arriba
2022-08-02T07:23:14.960Z [undefined] info: Servidor arriba
2022-08-02T07:24:48.143Z [undefined] info: Servidor arriba
2022-08-02T07:24:48.230Z [undefined] error: uncaughtException: Cannot create a "default" connection because connection to the database already established.
CannotConnectAlreadyConnectedError: Cannot create a "default" connection because connection to the database already established.
    at DataSource.initialize (/Users/sergiotorrejon/Documents/storrejon/dev-storrejon/nodejs/api-nodejs/src/data-source/DataSource.ts:229:19)
    at /Users/sergiotorrejon/Documents/storrejon/dev-storrejon/nodejs/api-nodejs/src/config/config.ts:10:55
    at Generator.next (<anonymous>)
    at /Users/sergiotorrejon/Documents/storrejon/dev-storrejon/nodejs/api-nodejs/src/config/config.ts:8:71
    at new Promise (<anonymous>)
    at __awaiter (/Users/sergiotorrejon/Documents/storrejon/dev-storrejon/nodejs/api-nodejs/src/config/config.ts:4:12)
    at dbAdminInit (/Users/sergiotorrejon/Documents/storrejon/dev-storrejon/nodejs/api-nodejs/src/config/config.ts:10:39)
    at /Users/sergiotorrejon/Documents/storrejon/dev-storrejon/nodejs/api-nodejs/src/config/config.ts:16:22
    at Generator.next (<anonymous>)
    at /Users/sergiotorrejon/Documents/storrejon/dev-storrejon/nodejs/api-nodejs/src/config/config.ts:8:71
2022-08-02T07:26:04.204Z [undefined] info: Servidor arriba
2022-08-02T07:27:05.661Z [undefined] info: Servidor arriba
2022-08-02T07:31:01.792Z [undefined] info: Servidor arriba
2022-08-02T07:31:26.793Z [undefined] info: Servidor arriba
2022-08-02T07:32:17.919Z [undefined] info: Servidor arriba
2022-08-02T07:32:18.262Z [undefined] error: uncaughtException: Cannot create a "default" connection because connection to the database already established.
CannotConnectAlreadyConnectedError: Cannot create a "default" connection because connection to the database already established.
    at DataSource.initialize (/Users/sergiotorrejon/Documents/storrejon/dev-storrejon/nodejs/api-nodejs/src/data-source/DataSource.ts:229:19)
    at /Users/sergiotorrejon/Documents/storrejon/dev-storrejon/nodejs/api-nodejs/src/config/config.ts:11:55
    at Generator.next (<anonymous>)
    at /Users/sergiotorrejon/Documents/storrejon/dev-storrejon/nodejs/api-nodejs/src/config/config.ts:8:71
    at new Promise (<anonymous>)
    at __awaiter (/Users/sergiotorrejon/Documents/storrejon/dev-storrejon/nodejs/api-nodejs/src/config/config.ts:4:12)
    at dbCoreInit (/Users/sergiotorrejon/Documents/storrejon/dev-storrejon/nodejs/api-nodejs/src/config/config.ts:11:39)
    at /Users/sergiotorrejon/Documents/storrejon/dev-storrejon/nodejs/api-nodejs/src/config/config.ts:17:21
    at Generator.next (<anonymous>)
    at fulfilled (/Users/sergiotorrejon/Documents/storrejon/dev-storrejon/nodejs/api-nodejs/src/config/config.ts:5:58)
2022-08-02T07:33:15.783Z [undefined] info: Servidor arriba
2022-08-02T07:33:38.028Z [undefined] info: Servidor arriba
2022-08-02T07:35:52.335Z [undefined] info: Servidor arriba
2022-08-02T07:36:18.882Z [undefined] info: Servidor arriba
2022-08-02T07:36:34.629Z [undefined] info: Servidor arriba
2022-08-02T07:40:08.747Z [undefined] info: db Admin
2022-08-02T07:40:08.778Z [undefined] info: Servidor arriba
2022-08-02T07:40:51.646Z [undefined] info: db Admin
2022-08-02T07:40:51.651Z [undefined] info: Servidor arriba
2022-08-02T07:41:12.608Z [undefined] info: Servidor arriba
2022-08-02T07:41:13.067Z [undefined] info: db Admin
2022-08-02T07:41:13.089Z [undefined] error: uncaughtException: Cannot create a "default" connection because connection to the database already established.
CannotConnectAlreadyConnectedError: Cannot create a "default" connection because connection to the database already established.
    at DataSource.initialize (/Users/sergiotorrejon/Documents/storrejon/dev-storrejon/nodejs/api-nodejs/src/data-source/DataSource.ts:229:19)
    at /Users/sergiotorrejon/Documents/storrejon/dev-storrejon/nodejs/api-nodejs/src/config/config.ts:8:20
    at Generator.next (<anonymous>)
    at fulfilled (/Users/sergiotorrejon/Documents/storrejon/dev-storrejon/nodejs/api-nodejs/src/config/config.ts:5:58)
    at processTicksAndRejections (node:internal/process/task_queues:96:5)
2022-08-02T07:42:48.037Z [undefined] info: Servidor arriba
2022-08-02T07:42:48.512Z [undefined] info: db Admin
2022-08-02T07:43:40.933Z [undefined] info: Servidor arriba
2022-08-02T07:43:41.405Z [undefined] info: db Admin
